[00:01:34] [Server thread/INFO]: Starting minecraft server version 1.7.10
[00:02:31] [Server thread/INFO]: Loading properties
[00:02:31] [Server thread/INFO]: Default game type: SURVIVAL
[00:02:31] [Server thread/INFO]: Generating keypair
[00:02:31] [Server thread/INFO]: Starting Minecraft server on *:25565
[00:04:14] [Server thread/INFO]: Preparing level "World"
[00:04:16] [Server thread/INFO]: Preparing start region for level 0
[00:04:17] [Server thread/INFO]: Preparing spawn area: 82%
[00:04:17] [Server thread/INFO]: Done (10.938s)! For help, type "help" or "?"
[00:05:09] [User Authenticator #1/INFO]: UUID of player Princess_Kat12 is 887ba3ea-4339-4151-b739-710f41cf7deb
[00:05:11] [Server thread/INFO]: Princess_Kat12[/109.151.138.180:62075] logged in with entity id 523 at (-28.5, 94.0, -76.5)
[00:05:11] [Server thread/INFO]: Princess_Kat12 joined the game
[00:05:50] [Server thread/INFO]: Princess_Kat12 lost connection: TextComponent{text='Disconnected', siblings=[], style=Style{hasParent=false, color=null, bold=null, italic=null, underlined=null, obfuscated=null, clickEvent=null, hoverEvent=null}}
[00:05:50] [Server thread/INFO]: Princess_Kat12 left the game
[00:07:28] [User Authenticator #2/INFO]: UUID of player Princess_Kat12 is 887ba3ea-4339-4151-b739-710f41cf7deb
[00:07:29] [Server thread/INFO]: Princess_Kat12[/109.151.138.180:62184] logged in with entity id 1993 at (-16.351341672838206, 92.0, -96.50891928549744)
[00:07:29] [Server thread/INFO]: Princess_Kat12 joined the game
[00:11:19] [Server thread/INFO]: Princess_Kat12 has just earned the achievement [Taking Inventory]
[00:11:45] [User Authenticator #3/INFO]: UUID of player JustDiving is 133bf8c1-805b-491d-9141-f252e4650b13
[00:11:46] [Server thread/INFO]: JustDiving[/185.215.55.200:29294] logged in with entity id 6616 at (358.80855917214393, 71.0, -644.9864533793616)
[00:11:46] [Server thread/INFO]: JustDiving joined the game
[00:11:52] [Server thread/INFO]: <Princess_Kat12> hiy
[00:12:05] [Server thread/INFO]: <JustDiving> Hi
[00:12:13] [Server thread/INFO]: <JustDiving> Wanna do a voicecall?
[00:12:44] [Server thread/INFO]: <JustDiving> No?)
[00:12:46] [Server thread/INFO]: <Princess_Kat12> can do dont mind
[00:12:54] [Server thread/INFO]: <JustDiving> k
[00:16:24] [Server thread/INFO]: Server manually started a backup...
[00:16:24] [Thread-22/INFO]: Backup starting - prepare for possible lag...
[00:16:24] [Server thread/INFO]: There are 2/20 players online:
[00:16:24] [Server thread/INFO]: Princess_Kat12, JustDiving
[00:16:26] [Thread-22/INFO]: Worlds saved.
[00:16:46] [Thread-22/INFO]: Backup finished.
[00:31:25] [Server thread/INFO]: There are 2/20 players online:
[00:31:25] [Server thread/INFO]: Princess_Kat12, JustDiving
[00:32:17] [Server thread/INFO]: Server manually started a backup...
[00:32:17] [Thread-24/INFO]: Backup starting - prepare for possible lag...
[00:32:19] [Thread-24/INFO]: Worlds saved.
[00:32:39] [Thread-24/INFO]: Backup finished.
[00:32:45] [Server thread/INFO]: Princess_Kat12 fell out of the world
[00:34:52] [Server thread/INFO]: Princess_Kat12 fell out of the world
[00:36:46] [Server thread/INFO]: Princess_Kat12 fell out of the world
[00:37:28] [Server thread/INFO]: Princess_Kat12 has just earned the achievement [Getting Wood]
[00:38:13] [Server thread/INFO]: Princess_Kat12 has just earned the achievement [Benchmarking]
[00:38:13] [Server thread/INFO]: Princess_Kat12 has just earned the achievement [Time to Mine!]
[00:38:13] [Server thread/INFO]: Princess_Kat12 has just earned the achievement [Getting an Upgrade]
[00:38:13] [Server thread/INFO]: Princess_Kat12 has just earned the achievement [First Tools]
[00:46:25] [Server thread/INFO]: There are 2/20 players online:
[00:46:25] [Server thread/INFO]: JustDiving, Princess_Kat12
[00:48:10] [Server thread/INFO]: Server manually started a backup...
[00:48:10] [Thread-29/INFO]: Backup starting - prepare for possible lag...
[00:48:11] [Thread-29/INFO]: Worlds saved.
[00:48:30] [Thread-29/INFO]: Backup finished.
[01:01:25] [Server thread/INFO]: There are 2/20 players online:
[01:01:25] [Server thread/INFO]: JustDiving, Princess_Kat12
[01:04:02] [Server thread/INFO]: Server manually started a backup...
[01:04:02] [Thread-34/INFO]: Backup starting - prepare for possible lag...
[01:04:04] [Thread-34/INFO]: Worlds saved.
[01:04:24] [Thread-34/INFO]: Backup finished.
[01:16:25] [Server thread/INFO]: There are 2/20 players online:
[01:16:25] [Server thread/INFO]: JustDiving, Princess_Kat12
[01:19:55] [Server thread/INFO]: Server manually started a backup...
[01:19:55] [Thread-36/INFO]: Backup starting - prepare for possible lag...
[01:19:56] [Thread-36/INFO]: Worlds saved.
[01:20:16] [Thread-36/INFO]: Backup finished.
[01:31:25] [Server thread/INFO]: There are 2/20 players online:
[01:31:25] [Server thread/INFO]: JustDiving, Princess_Kat12
[01:34:55] [Server thread/INFO]: JustDiving has just earned the achievement [Learning to Tinker]
[01:35:47] [Server thread/INFO]: Server manually started a backup...
[01:35:47] [Thread-38/INFO]: Backup starting - prepare for possible lag...
[01:35:48] [Thread-38/INFO]: Worlds saved.
[01:36:09] [Thread-38/INFO]: Backup finished.
[01:46:25] [Server thread/INFO]: There are 2/20 players online:
[01:46:25] [Server thread/INFO]: JustDiving, Princess_Kat12
[01:51:40] [Server thread/INFO]: Server manually started a backup...
[01:51:40] [Thread-40/INFO]: Backup starting - prepare for possible lag...
[01:51:41] [Thread-40/INFO]: Worlds saved.
[01:52:01] [Thread-40/INFO]: Backup finished.
[02:01:25] [Server thread/INFO]: There are 2/20 players online:
[02:01:25] [Server thread/INFO]: JustDiving, Princess_Kat12
[02:07:32] [Server thread/INFO]: Server manually started a backup...
[02:07:32] [Thread-43/INFO]: Backup starting - prepare for possible lag...
[02:07:34] [Thread-43/INFO]: Worlds saved.
[02:07:54] [Thread-43/INFO]: Backup finished.
[02:16:25] [Server thread/INFO]: There are 2/20 players online:
[02:16:25] [Server thread/INFO]: JustDiving, Princess_Kat12
[02:17:29] [Server thread/WARN]: Fetching addPacket for removed entity
[02:23:25] [Server thread/INFO]: Server manually started a backup...
[02:23:25] [Thread-45/INFO]: Backup starting - prepare for possible lag...
[02:23:27] [Thread-45/INFO]: Worlds saved.
[02:23:47] [Thread-45/INFO]: Backup finished.
[02:31:25] [Server thread/INFO]: There are 2/20 players online:
[02:31:25] [Server thread/INFO]: JustDiving, Princess_Kat12
[02:34:57] [Server thread/INFO]: §cPrincess_Kat12§f was boiled alive
[02:39:18] [Server thread/INFO]: Server manually started a backup...
[02:39:18] [Thread-48/INFO]: Backup starting - prepare for possible lag...
[02:39:19] [Thread-48/INFO]: Worlds saved.
[02:39:39] [Thread-48/INFO]: Backup finished.
[02:43:01] [Server thread/INFO]: Princess_Kat12 lost connection: TextComponent{text='Disconnected', siblings=[], style=Style{hasParent=false, color=null, bold=null, italic=null, underlined=null, obfuscated=null, clickEvent=null, hoverEvent=null}}
[02:43:01] [Server thread/INFO]: Princess_Kat12 left the game
[02:43:11] [User Authenticator #4/INFO]: UUID of player Princess_Kat12 is 887ba3ea-4339-4151-b739-710f41cf7deb
[02:43:11] [Server thread/INFO]: Princess_Kat12[/109.151.138.180:57485] logged in with entity id 220075 at (396.6256538581262, 63.0, -652.5594385921738)
[02:43:11] [Server thread/INFO]: Princess_Kat12 joined the game
[02:46:25] [Server thread/INFO]: There are 2/20 players online:
[02:46:25] [Server thread/INFO]: JustDiving, Princess_Kat12
[02:55:10] [Server thread/INFO]: Server manually started a backup...
[02:55:10] [Thread-54/INFO]: Backup starting - prepare for possible lag...
[02:55:12] [Thread-54/INFO]: Worlds saved.
[02:55:32] [Thread-54/INFO]: Backup finished.
[03:01:25] [Server thread/INFO]: There are 2/20 players online:
[03:01:25] [Server thread/INFO]: JustDiving, Princess_Kat12
[03:11:03] [Server thread/INFO]: Server manually started a backup...
[03:11:03] [Thread-56/INFO]: Backup starting - prepare for possible lag...
[03:11:04] [Thread-56/INFO]: Worlds saved.
[03:11:25] [Thread-56/INFO]: Backup finished.
[03:16:25] [Server thread/INFO]: There are 2/20 players online:
[03:16:25] [Server thread/INFO]: JustDiving, Princess_Kat12
[03:26:55] [Server thread/INFO]: Server manually started a backup...
[03:26:55] [Thread-58/INFO]: Backup starting - prepare for possible lag...
[03:26:57] [Thread-58/INFO]: Worlds saved.
[03:27:17] [Thread-58/INFO]: Backup finished.
[03:31:25] [Server thread/INFO]: There are 2/20 players online:
[03:31:25] [Server thread/INFO]: JustDiving, Princess_Kat12
[03:35:48] [Server thread/INFO]: Princess_Kat12 has just earned the achievement [More Tools]
[03:42:48] [Server thread/INFO]: Server manually started a backup...
[03:42:48] [Thread-60/INFO]: Backup starting - prepare for possible lag...
[03:42:49] [Thread-60/INFO]: Worlds saved.
[03:43:10] [Thread-60/INFO]: Backup finished.
[03:46:25] [Server thread/INFO]: There are 2/20 players online:
[03:46:25] [Server thread/INFO]: JustDiving, Princess_Kat12
[03:47:30] [Server thread/INFO]: Princess_Kat12 has just earned the achievement [Hot Topic]
[03:48:08] [Server thread/INFO]: Princess_Kat12 has just earned the achievement [Acquire Hardware]
[03:48:08] [Server thread/INFO]: Princess_Kat12 has just earned the achievement [Not really better than iron]
[03:58:41] [Server thread/INFO]: Server manually started a backup...
[03:58:41] [Thread-62/INFO]: Backup starting - prepare for possible lag...
[03:58:42] [Thread-62/INFO]: Worlds saved.
[03:59:03] [Thread-62/INFO]: Backup finished.
[04:01:26] [Server thread/INFO]: There are 2/20 players online:
[04:01:26] [Server thread/INFO]: JustDiving, Princess_Kat12
[04:14:34] [Server thread/INFO]: Server manually started a backup...
[04:14:34] [Thread-64/INFO]: Backup starting - prepare for possible lag...
[04:14:35] [Thread-64/INFO]: Worlds saved.
[04:14:56] [Thread-64/INFO]: Backup finished.
[04:16:26] [Server thread/INFO]: There are 2/20 players online:
[04:16:26] [Server thread/INFO]: JustDiving, Princess_Kat12
[04:30:27] [Server thread/INFO]: Server manually started a backup...
[04:30:27] [Thread-66/INFO]: Backup starting - prepare for possible lag...
[04:30:28] [Thread-66/INFO]: Worlds saved.
[04:30:49] [Thread-66/INFO]: Backup finished.
[04:31:26] [Server thread/INFO]: There are 2/20 players online:
[04:31:26] [Server thread/INFO]: JustDiving, Princess_Kat12
[04:37:31] [Server thread/INFO]: JustDiving lost connection: TextComponent{text='Disconnected', siblings=[], style=Style{hasParent=false, color=null, bold=null, italic=null, underlined=null, obfuscated=null, clickEvent=null, hoverEvent=null}}
[04:37:31] [Server thread/INFO]: JustDiving left the game
[04:46:20] [Server thread/INFO]: Server manually started a backup...
[04:46:20] [Thread-69/INFO]: Backup starting - prepare for possible lag...
[04:46:21] [Thread-69/INFO]: Worlds saved.
[04:46:26] [Server thread/INFO]: There are 1/20 players online:
[04:46:26] [Server thread/INFO]: Princess_Kat12
[04:46:42] [Thread-69/INFO]: Backup finished.
[04:47:56] [Server thread/INFO]: Princess_Kat12 was slain by Fallen Knight
[04:48:38] [Server thread/INFO]: Princess_Kat12 has just earned the achievement [Gregtech++]
[04:48:38] [Server thread/INFO]: Princess_Kat12 has just earned the achievement [Crushed]
[04:48:39] [Server thread/INFO]: Princess_Kat12 has just earned the achievement [Clean]
[05:01:26] [Server thread/INFO]: There are 1/20 players online:
[05:01:26] [Server thread/INFO]: Princess_Kat12
[05:02:13] [Server thread/INFO]: Server manually started a backup...
[05:02:13] [Thread-72/INFO]: Backup starting - prepare for possible lag...
[05:02:13] [Thread-72/INFO]: Worlds saved.
[05:02:34] [Thread-72/INFO]: Backup finished.
[05:16:26] [Server thread/INFO]: There are 1/20 players online:
[05:16:26] [Server thread/INFO]: Princess_Kat12
[05:18:06] [Server thread/INFO]: Server manually started a backup...
[05:18:06] [Thread-74/INFO]: Backup starting - prepare for possible lag...
[05:18:07] [Thread-74/INFO]: Worlds saved.
[05:18:27] [Thread-74/INFO]: Backup finished.
[05:31:26] [Server thread/INFO]: There are 1/20 players online:
[05:31:26] [Server thread/INFO]: Princess_Kat12
[05:33:59] [Server thread/INFO]: Server manually started a backup...
[05:33:59] [Thread-76/INFO]: Backup starting - prepare for possible lag...
[05:34:00] [Thread-76/INFO]: Worlds saved.
[05:34:20] [Thread-76/INFO]: Backup finished.
[05:46:26] [Server thread/INFO]: There are 1/20 players online:
[05:46:26] [Server thread/INFO]: Princess_Kat12
[05:49:52] [Server thread/INFO]: Server manually started a backup...
[05:49:52] [Thread-78/INFO]: Backup starting - prepare for possible lag...
[05:49:53] [Thread-78/INFO]: Worlds saved.
[05:50:13] [Thread-78/INFO]: Backup finished.
[06:01:26] [Server thread/INFO]: There are 1/20 players online:
[06:01:26] [Server thread/INFO]: Princess_Kat12
[06:05:45] [Server thread/INFO]: Server manually started a backup...
[06:05:45] [Thread-80/INFO]: Backup starting - prepare for possible lag...
[06:05:46] [Thread-80/INFO]: Worlds saved.
[06:06:06] [Thread-80/INFO]: Backup finished.
[06:16:26] [Server thread/INFO]: There are 1/20 players online:
[06:16:26] [Server thread/INFO]: Princess_Kat12
[06:16:53] [User Authenticator #5/INFO]: UUID of player _0x40_ is 33f9fa35-156a-4fc6-81c8-2ef8ece1065f
[06:16:54] [Server thread/INFO]: _0x40_[/158.174.229.88:53876] logged in with entity id 402276 at (360.6505948489549, 71.0, -644.778601544549)
[06:16:54] [Server thread/INFO]: _0x40_ joined the game
[06:17:00] [Server thread/INFO]: <Princess_Kat12> hi oxo
[06:17:11] [Server thread/INFO]: <_0x40_> hello!
[06:18:03] [Server thread/INFO]: <Princess_Kat12> hows u
[06:18:44] [Server thread/INFO]: <_0x40_> I'm alright, just woke up
[06:18:47] [Server thread/INFO]: <_0x40_> how about you?
[06:19:44] [Server thread/INFO]: <Princess_Kat12> doing good just dismantling a house for bricks whilst thinking about making a better boiler
[06:20:13] [Server thread/INFO]: <_0x40_> yeah the current boiler is not keeping up
[06:20:25] [Server thread/INFO]: <Princess_Kat12> time for railcraft bs i think
[06:20:35] [Server thread/INFO]: <Princess_Kat12> which is why the building is bigger
[06:20:52] [Server thread/INFO]: <Princess_Kat12> dont put more in the creasote machine im trying to empty it so i can move it
[06:21:28] [Server thread/INFO]: <Princess_Kat12> i have nearly collected enough stuff to make the steal furnace creation machine whatever its called
[06:21:31] [Server thread/INFO]: <Princess_Kat12> the multiblock
[06:21:48] [Server thread/INFO]: <_0x40_> ah nice
[06:22:00] [Server thread/INFO]: <Princess_Kat12> its been exciting as you would imagine
[06:22:05] [Server thread/INFO]: <Princess_Kat12> could you sleep for me
[06:22:10] [Server thread/INFO]: Server manually started a backup...
[06:22:10] [Thread-86/INFO]: Backup starting - prepare for possible lag...
[06:22:12] [Server thread/INFO]: <_0x40_> zzzz
[06:22:12] [Thread-86/INFO]: Worlds saved.
[06:22:26] [Server thread/INFO]: <Princess_Kat12> ty
[06:22:33] [Thread-86/INFO]: Backup finished.
[06:22:40] [Server thread/INFO]: Server manually started a backup...
[06:22:40] [Thread-88/INFO]: Backup starting - prepare for possible lag...
[06:22:42] [Thread-88/INFO]: Worlds saved.
[06:23:04] [Thread-88/INFO]: Backup finished.
[06:28:28] [Server thread/INFO]: <_0x40_> thanks :)
[06:28:36] [Server thread/INFO]: <Princess_Kat12> there is more machines ive just got them
[06:28:48] [Server thread/INFO]: <Princess_Kat12> tadah
[06:28:49] [Server thread/INFO]: <_0x40_> nice!
[06:29:04] [Server thread/INFO]: <Princess_Kat12> but the steam is so pathetic none of them stay plugged in
[06:30:13] [User Authenticator #6/INFO]: UUID of player flfloflflo is a8f6a6e1-6e37-44bb-b388-6489f06d63bc
[06:30:14] [Server thread/INFO]: flfloflflo[/85.201.76.90:60227] logged in with entity id 422238 at (355.16190110742303, 71.0, -642.8643252871078)
[06:30:14] [Server thread/INFO]: flfloflflo joined the game
[06:30:20] [Server thread/INFO]: <Princess_Kat12> o hi flo
[06:30:22] [Server thread/INFO]: <_0x40_> hello!
[06:30:38] [Server thread/INFO]: <flfloflflo> hello
[06:31:23] [Server thread/INFO]: <flfloflflo> it looks like work in progress here
[06:31:26] [Server thread/INFO]: There are 3/20 players online:
[06:31:26] [Server thread/INFO]: Princess_Kat12, _0x40_, flfloflflo
[06:31:39] [Server thread/INFO]: <Princess_Kat12> waddya mean its open plan factorying
[06:31:59] [Server thread/INFO]: <flfloflflo> and we pushed that wall
[06:32:10] [Server thread/INFO]: <Princess_Kat12> well i pushed it further
[06:32:15] [Server thread/INFO]: <Princess_Kat12> as its in the way
[06:32:24] [Server thread/INFO]: <flfloflflo> nice cus we need space
[06:32:34] [Server thread/INFO]: <flfloflflo> do you mind if I restart the server
[06:32:39] [Server thread/INFO]: <flfloflflo> just for safety ?
[06:32:40] [Server thread/INFO]: <Princess_Kat12> can doodly do
[06:32:48] [Server thread/INFO]: Princess_Kat12 lost connection: TextComponent{text='Disconnected', siblings=[], style=Style{hasParent=false, color=null, bold=null, italic=null, underlined=null, obfuscated=null, clickEvent=null, hoverEvent=null}}
[06:32:48] [Server thread/INFO]: Princess_Kat12 left the game
[06:32:54] [Server thread/INFO]: [flfloflflo: Stopping the server]
[06:32:54] [Server thread/INFO]: Stopping server
[06:32:54] [Server thread/INFO]: Saving players
[06:32:54] [Server thread/INFO]: Saving worlds
[06:32:54] [Server thread/INFO]: Saving chunks for level 'World'/Overworld
[06:32:54] [Server thread/INFO]: Saving chunks for level 'World'/Nether
[06:32:54] [Server thread/INFO]: Saving chunks for level 'World'/Miranda
[06:32:54] [Server thread/INFO]: Saving chunks for level 'World'/T Ceti E
[06:32:54] [Server thread/INFO]: Saving chunks for level 'World'/Vega B
[06:32:54] [Server thread/INFO]: Saving chunks for level 'World'/Haumea
[06:32:54] [Server thread/INFO]: Saving chunks for level 'World'/Barnarda F
[06:32:54] [Server thread/INFO]: Saving chunks for level 'World'/Barnarda E
[06:32:54] [Server thread/INFO]: Saving chunks for level 'World'/Outer Lands
[06:32:54] [Server thread/INFO]: Saving chunks for level 'World'/Saturn
[06:32:54] [Server thread/INFO]: Saving chunks for level 'World'/Neptune
[06:32:54] [Server thread/INFO]: Saving chunks for level 'World'/Jupiter
[06:32:54] [Server thread/INFO]: Saving chunks for level 'World'/Mirror
[06:32:54] [Server thread/INFO]: Saving chunks for level 'World'/Pocket Plane
[06:32:54] [Server thread/INFO]: Saving chunks for level 'World'/Ross128b
[06:32:54] [Server thread/INFO]: Saving chunks for level 'World'/Ross128ba
[06:32:54] [Server thread/INFO]: Saving chunks for level 'World'/Bedrock
[06:32:54] [Server thread/INFO]: Saving chunks for level 'World'/Torment
[06:32:54] [Server thread/INFO]: Saving chunks for level 'World'/Spirit World
[06:32:54] [Server thread/INFO]: Saving chunks for level 'World'/Uranus
[06:32:54] [Server thread/INFO]: Saving chunks for level 'World'/The Outer Lands
[06:32:54] [Server thread/INFO]: Saving chunks for level 'World'/Pluto
[06:32:54] [Server thread/INFO]: Saving chunks for level 'World'/Triton
[06:32:54] [Server thread/INFO]: Saving chunks for level 'World'/Proteus
[06:32:54] [Server thread/INFO]: Saving chunks for level 'World'/Oberon
[06:32:54] [Server thread/INFO]: Saving chunks for level 'World'/Callisto
[06:32:54] [Server thread/INFO]: Saving chunks for level 'World'/Titan
[06:32:54] [Server thread/INFO]: Saving chunks for level 'World'/Ganymede
[06:32:54] [Server thread/INFO]: Saving chunks for level 'World'/Ceres
[06:32:54] [Server thread/INFO]: Saving chunks for level 'World'/Enceladus
[06:32:54] [Server thread/INFO]: Saving chunks for level 'World'/Deimos
[06:32:54] [Server thread/INFO]: Saving chunks for level 'World'/Venus
[06:32:54] [Server thread/INFO]: Saving chunks for level 'World'/Phobos
[06:32:54] [Server thread/INFO]: Saving chunks for level 'World'/Mercury
[06:32:54] [Server thread/INFO]: Saving chunks for level 'World'/dimensionDarkWorld
[06:32:54] [Server thread/INFO]: Saving chunks for level 'World'/Io
[06:32:54] [Server thread/INFO]: Saving chunks for level 'World'/Europa
[06:32:54] [Server thread/INFO]: Saving chunks for level 'World'/Kuiper Belt
[06:32:54] [Server thread/INFO]: Saving chunks for level 'World'/Barnarda C
[06:32:54] [Server thread/INFO]: Saving chunks for level 'World'/α Centauri Bb
[06:32:54] [Server thread/INFO]: Saving chunks for level 'World'/Asteroids
[06:32:54] [Server thread/INFO]: Saving chunks for level 'World'/Mars
[06:32:54] [Server thread/INFO]: Saving chunks for level 'World'/Moon
[06:32:54] [Server thread/INFO]: Saving chunks for level 'World'/Makemake
[06:32:54] [Server thread/INFO]: Saving chunks for level 'World'/The Last Millenium
[06:32:54] [Server thread/INFO]: Saving chunks for level 'World'/Twilight Forest
[06:32:54] [Server thread/INFO]: Saving chunks for level 'World'/Underdark
[06:32:54] [Server thread/INFO]: Saving chunks for level 'World'/SpectreWorld
