13.03.2023 11:12:54.720 - [eu.usrv.legacylootgames.LootGamesDungeonLogger][INFO] - == LootGames logger initialized ==
13.03.2023 11:14:42.363 - [eu.usrv.legacylootgames.LootGamesDungeonLogger][INFO] - PuzzleDungeon spawned at -104 61 56 in Dimension 0
13.03.2023 11:14:43.842 - [eu.usrv.legacylootgames.LootGamesDungeonLogger][INFO] - PuzzleDungeon spawned at -8 59 -248 in Dimension 0
13.03.2023 11:14:46.817 - [eu.usrv.legacylootgames.LootGamesDungeonLogger][INFO] - PuzzleDungeon spawned at 152 69 -72 in Dimension 0
15.03.2023 05:39:05.344 - [eu.usrv.legacylootgames.LootGamesDungeonLogger][INFO] - == LootGames logger initialized ==
15.03.2023 06:54:17.687 - [eu.usrv.legacylootgames.LootGamesDungeonLogger][INFO] - == LootGames logger initialized ==
15.03.2023 10:43:08.326 - [eu.usrv.legacylootgames.LootGamesDungeonLogger][INFO] - == LootGames logger initialized ==
15.03.2023 10:47:30.061 - [eu.usrv.legacylootgames.LootGamesDungeonLogger][INFO] - PuzzleDungeon spawned at -56 43 -312 in Dimension 0
15.03.2023 10:49:35.156 - [eu.usrv.legacylootgames.LootGamesDungeonLogger][INFO] - PuzzleDungeon spawned at -56 55 -504 in Dimension 0
15.03.2023 10:50:38.659 - [eu.usrv.legacylootgames.LootGamesDungeonLogger][INFO] - PuzzleDungeon spawned at 200 60 -536 in Dimension 0
15.03.2023 11:07:37.796 - [eu.usrv.legacylootgames.LootGamesDungeonLogger][INFO] - == LootGames logger initialized ==
15.03.2023 11:11:28.982 - [eu.usrv.legacylootgames.LootGamesDungeonLogger][INFO] - PuzzleDungeon spawned at 360 58 -56 in Dimension 0
15.03.2023 11:12:24.987 - [eu.usrv.legacylootgames.LootGamesDungeonLogger][INFO] - PuzzleDungeon spawned at 248 56 -376 in Dimension 0
15.03.2023 11:13:03.581 - [eu.usrv.legacylootgames.LootGamesDungeonLogger][INFO] - PuzzleDungeon spawned at 472 58 -424 in Dimension 0
15.03.2023 11:13:22.772 - [eu.usrv.legacylootgames.LootGamesDungeonLogger][INFO] - PuzzleDungeon spawned at 488 50 -312 in Dimension 0
15.03.2023 11:30:08.748 - [eu.usrv.legacylootgames.LootGamesDungeonLogger][INFO] - PuzzleDungeon spawned at 168 64 -712 in Dimension 0
15.03.2023 11:30:15.916 - [eu.usrv.legacylootgames.LootGamesDungeonLogger][INFO] - PuzzleDungeon spawned at 456 55 -664 in Dimension 0
15.03.2023 11:34:33.286 - [eu.usrv.legacylootgames.LootGamesDungeonLogger][INFO] - PuzzleDungeon spawned at 312 58 -856 in Dimension 0
15.03.2023 11:37:27.471 - [eu.usrv.legacylootgames.LootGamesDungeonLogger][INFO] - PuzzleDungeon spawned at 568 61 -984 in Dimension 0
15.03.2023 11:54:35.614 - [eu.usrv.legacylootgames.LootGamesDungeonLogger][INFO] - PuzzleDungeon spawned at 760 82 -376 in Dimension 0
15.03.2023 12:26:02.132 - [eu.usrv.legacylootgames.LootGamesDungeonLogger][INFO] - == LootGames logger initialized ==
15.03.2023 12:40:14.243 - [eu.usrv.legacylootgames.LootGamesDungeonLogger][INFO] - PuzzleDungeon spawned at 248 83 -1016 in Dimension 0
15.03.2023 12:40:59.967 - [eu.usrv.legacylootgames.LootGamesDungeonLogger][INFO] - PuzzleDungeon spawned at 248 66 -1112 in Dimension 0
15.03.2023 12:42:58.152 - [eu.usrv.legacylootgames.LootGamesDungeonLogger][INFO] - PuzzleDungeon spawned at 520 84 -1080 in Dimension 0
15.03.2023 12:44:14.980 - [eu.usrv.legacylootgames.LootGamesDungeonLogger][INFO] - PuzzleDungeon spawned at 456 36 -1400 in Dimension 0
15.03.2023 12:45:13.083 - [eu.usrv.legacylootgames.LootGamesDungeonLogger][INFO] - PuzzleDungeon spawned at 136 85 -1320 in Dimension 0
15.03.2023 12:45:27.215 - [eu.usrv.legacylootgames.LootGamesDungeonLogger][INFO] - PuzzleDungeon spawned at 88 64 -1480 in Dimension 0
15.03.2023 12:47:23.276 - [eu.usrv.legacylootgames.LootGamesDungeonLogger][INFO] - PuzzleDungeon spawned at 136 81 -1144 in Dimension 0
15.03.2023 12:47:29.281 - [eu.usrv.legacylootgames.LootGamesDungeonLogger][INFO] - PuzzleDungeon spawned at -24 57 -1160 in Dimension 0
15.03.2023 01:01:23.332 - [eu.usrv.legacylootgames.LootGamesDungeonLogger][INFO] - PuzzleDungeon spawned at 56 83 -1560 in Dimension 0
15.03.2023 01:02:42.528 - [eu.usrv.legacylootgames.LootGamesDungeonLogger][INFO] - PuzzleDungeon spawned at 344 71 -1512 in Dimension 0
15.03.2023 01:03:57.323 - [eu.usrv.legacylootgames.LootGamesDungeonLogger][INFO] - PuzzleDungeon spawned at 440 64 -1832 in Dimension 0
15.03.2023 01:04:06.470 - [eu.usrv.legacylootgames.LootGamesDungeonLogger][INFO] - PuzzleDungeon spawned at 552 59 -1704 in Dimension 0
15.03.2023 01:05:31.270 - [eu.usrv.legacylootgames.LootGamesDungeonLogger][INFO] - PuzzleDungeon spawned at 776 50 -1928 in Dimension 0
15.03.2023 01:06:43.557 - [eu.usrv.legacylootgames.LootGamesDungeonLogger][INFO] - PuzzleDungeon spawned at 552 21 -2152 in Dimension 0
15.03.2023 01:08:31.451 - [eu.usrv.legacylootgames.LootGamesDungeonLogger][INFO] - PuzzleDungeon spawned at 872 108 -2232 in Dimension 0
15.03.2023 01:15:36.198 - [eu.usrv.legacylootgames.LootGamesDungeonLogger][INFO] - PuzzleDungeon spawned at 920 63 -2072 in Dimension 0
15.03.2023 01:17:59.233 - [eu.usrv.legacylootgames.LootGamesDungeonLogger][INFO] - PuzzleDungeon spawned at 1096 47 -1912 in Dimension 0
15.03.2023 01:19:42.373 - [eu.usrv.legacylootgames.LootGamesDungeonLogger][INFO] - PuzzleDungeon spawned at 1176 53 -2200 in Dimension 0
15.03.2023 01:22:28.100 - [eu.usrv.legacylootgames.LootGamesDungeonLogger][INFO] - PuzzleDungeon spawned at 1304 51 -1832 in Dimension 0
15.03.2023 01:22:59.931 - [eu.usrv.legacylootgames.LootGamesDungeonLogger][INFO] - PuzzleDungeon spawned at 1096 53 -1816 in Dimension 0
15.03.2023 01:27:36.767 - [eu.usrv.legacylootgames.LootGamesDungeonLogger][INFO] - PuzzleDungeon spawned at 840 50 -1784 in Dimension 0
15.03.2023 01:34:56.873 - [eu.usrv.legacylootgames.LootGamesDungeonLogger][INFO] - PuzzleDungeon spawned at 840 50 -1688 in Dimension 0
15.03.2023 01:35:32.411 - [eu.usrv.legacylootgames.LootGamesDungeonLogger][INFO] - PuzzleDungeon spawned at 888 74 -1528 in Dimension 0
15.03.2023 01:37:58.364 - [eu.usrv.legacylootgames.LootGamesDungeonLogger][INFO] - PuzzleDungeon spawned at 632 78 -1400 in Dimension 0
15.03.2023 01:38:04.778 - [eu.usrv.legacylootgames.LootGamesDungeonLogger][INFO] - PuzzleDungeon spawned at 776 61 -1208 in Dimension 0
15.03.2023 01:39:01.442 - [eu.usrv.legacylootgames.LootGamesDungeonLogger][INFO] - PuzzleDungeon spawned at 792 66 -1032 in Dimension 0
15.03.2023 01:40:12.323 - [eu.usrv.legacylootgames.LootGamesDungeonLogger][INFO] - PuzzleDungeon spawned at 792 84 -920 in Dimension 0
15.03.2023 02:01:55.396 - [eu.usrv.legacylootgames.LootGamesDungeonLogger][INFO] - == LootGames logger initialized ==
15.03.2023 04:02:54.054 - [eu.usrv.legacylootgames.LootGamesDungeonLogger][INFO] - == LootGames logger initialized ==
15.03.2023 05:40:31.667 - [eu.usrv.legacylootgames.LootGamesDungeonLogger][INFO] - PuzzleDungeon spawned at -168 54 -632 in Dimension 0
15.03.2023 07:01:50.197 - [eu.usrv.legacylootgames.LootGamesDungeonLogger][INFO] - PuzzleDungeon spawned at 856 70 -696 in Dimension 0
15.03.2023 07:07:20.567 - [eu.usrv.legacylootgames.LootGamesDungeonLogger][INFO] - PuzzleDungeon spawned at 968 69 -568 in Dimension 0
15.03.2023 07:10:46.489 - [eu.usrv.legacylootgames.LootGamesDungeonLogger][INFO] - PuzzleDungeon spawned at 840 61 -312 in Dimension 0
15.03.2023 07:12:00.608 - [eu.usrv.legacylootgames.LootGamesDungeonLogger][INFO] - PuzzleDungeon spawned at 632 57 -120 in Dimension 0
15.03.2023 07:12:36.643 - [eu.usrv.legacylootgames.LootGamesDungeonLogger][INFO] - PuzzleDungeon spawned at 744 48 -8 in Dimension 0
15.03.2023 07:13:47.669 - [eu.usrv.legacylootgames.LootGamesDungeonLogger][INFO] - PuzzleDungeon spawned at 520 52 200 in Dimension 0
15.03.2023 07:13:52.302 - [eu.usrv.legacylootgames.LootGamesDungeonLogger][INFO] - PuzzleDungeon spawned at 408 50 88 in Dimension 0
15.03.2023 07:16:23.656 - [eu.usrv.legacylootgames.LootGamesDungeonLogger][INFO] - PuzzleDungeon spawned at 248 74 264 in Dimension 0
15.03.2023 08:26:22.942 - [eu.usrv.legacylootgames.LootGamesDungeonLogger][INFO] - == LootGames logger initialized ==
